2022-09-08 12:26:12 INFO  DriverFactory:21 - Running tests on: "Android"
2022-09-08 12:26:16 INFO  DriverFactory:21 - Running tests on: "Android"
2022-09-08 12:34:15 INFO  DriverFactory:21 - Running tests on: "Android"
2022-09-08 12:34:19 INFO  DriverFactory:21 - Running tests on: "Android"
2022-09-08 12:37:26 INFO  DriverFactory:21 - Running tests on: Android
2022-09-08 12:37:54 INFO  DriverFactory:21 - Running tests on: Android
2022-09-08 12:52:35 INFO  DriverFactory:21 - Running tests on: Android
2022-09-08 12:52:51 INFO  AppTestBase:41 - The Element Coupons is clicked
2022-09-08 12:52:54 INFO  AppTestBase:41 - The Element Filter is clicked
2022-09-08 12:52:54 INFO  AppTestBase:41 - The Element  is clicked
2022-09-08 12:52:55 INFO  DriverFactory:21 - Running tests on: Android
2022-09-08 13:10:39 INFO  DriverFactory:21 - Running tests on: Android
2022-09-08 13:10:58 INFO  AppTestBase:41 - The Element Coupons is clicked
2022-09-08 13:11:01 INFO  AppTestBase:41 - The Element Filter is clicked
2022-09-08 13:11:02 INFO  AppTestBase:41 - The Element  is clicked
2022-09-08 13:11:06 INFO  AppTestBase:41 - The Element Coupons is clicked
2022-09-08 13:26:23 INFO  DriverFactory:21 - Running tests on: Android
2022-09-08 13:26:54 INFO  DriverFactory:21 - Running tests on: Android
2022-09-08 13:28:39 INFO  DriverFactory:21 - Running tests on: Android
2022-09-08 13:28:55 INFO  AppTestBase:41 - The Element Coupons is clicked
2022-09-08 13:28:58 INFO  AppTestBase:41 - The Element Filter is clicked
2022-09-08 13:28:59 INFO  AppTestBase:41 - The Element  is clicked
2022-09-08 13:29:00 INFO  AppTestBase:41 - The Element Coupons is clicked
2022-09-08 13:30:36 INFO  DriverFactory:21 - Running tests on: Android
2022-09-08 13:30:52 INFO  AppTestBase:41 - The Element Coupons is clicked
2022-09-08 13:30:55 INFO  AppTestBase:41 - The Element Filter is clicked
2022-09-08 13:30:55 INFO  AppTestBase:41 - The Element  is clicked
2022-09-08 14:04:31 INFO  Hooks:21 - Running Scenario : Logged in User Filters and activates an active coupon
2022-09-08 14:04:31 INFO  DriverFactory:21 - Running tests on: Android
2022-09-08 14:06:02 INFO  Hooks:21 - Running Scenario : Logged in User Filters and activates an active coupon
2022-09-08 14:06:02 INFO  DriverFactory:21 - Running tests on: Android
2022-09-08 14:07:35 INFO  Hooks:21 - Running Scenario : Logged in User Filters and activates an active coupon
2022-09-08 14:07:35 INFO  DriverFactory:21 - Running tests on: Android
2022-09-08 14:11:55 INFO  Hooks:22 - Running Scenario : Logged in User Filters and activates an active coupon
2022-09-08 14:11:55 INFO  DriverFactory:21 - Running tests on: Android
2022-09-08 14:30:07 INFO  Hooks:23 - Running Scenario : Logged in User Filters and activates an active coupon
2022-09-08 14:30:07 INFO  DriverFactory:21 - Running tests on: Android
2022-09-08 14:30:21 INFO  AppTestBase:25 - AppTestBase is initialized
2022-09-08 14:30:24 INFO  AppTestBase:37 - The Element Coupons is clicked
2022-09-08 14:30:24 INFO  AppTestBase:25 - AppTestBase is initialized
2022-09-08 14:30:27 INFO  AppTestBase:37 - The Element Filter is clicked
2022-09-08 14:30:27 INFO  AppTestBase:25 - AppTestBase is initialized
2022-09-08 14:30:27 INFO  AppTestBase:37 - The Element  is clicked
2022-09-08 14:30:27 INFO  AppTestBase:25 - AppTestBase is initialized
2022-09-08 14:30:27 INFO  Hooks:30 - Driver session is done
2022-09-08 14:31:27 INFO  Hooks:23 - Running Scenario : Logged in User Filters and activates an active coupon
2022-09-08 14:31:27 INFO  DriverFactory:21 - Running tests on: Android
2022-09-08 14:31:41 INFO  AppTestBase:25 - AppTestBase is initialized
2022-09-08 14:31:44 INFO  AppTestBase:37 - The Element Coupons is clicked
2022-09-08 14:31:44 INFO  AppTestBase:25 - AppTestBase is initialized
2022-09-08 14:31:47 INFO  AppTestBase:37 - The Element Filter is clicked
2022-09-08 14:31:47 INFO  AppTestBase:25 - AppTestBase is initialized
2022-09-08 14:31:47 INFO  AppTestBase:37 - The Element  is clicked
2022-09-08 14:31:47 INFO  AppTestBase:25 - AppTestBase is initialized
2022-09-08 14:31:47 INFO  Hooks:30 - Driver session is done
2022-09-08 14:33:17 INFO  Hooks:23 - Running Scenario : Logged in User Filters and activates an active coupon
2022-09-08 14:33:17 INFO  DriverFactory:21 - Running tests on: Android
2022-09-08 14:33:31 INFO  AppTestBase:25 - AppTestBase is initialized
2022-09-08 14:33:34 INFO  AppTestBase:37 - The Element Coupons is clicked
2022-09-08 14:33:34 INFO  AppTestBase:25 - AppTestBase is initialized
2022-09-08 14:33:36 INFO  AppTestBase:37 - The Element Filter is clicked
2022-09-08 14:33:36 INFO  AppTestBase:25 - AppTestBase is initialized
2022-09-08 14:33:37 INFO  AppTestBase:37 - The Element  is clicked
2022-09-08 14:33:37 INFO  AppTestBase:25 - AppTestBase is initialized
2022-09-08 14:33:37 INFO  Hooks:30 - Driver session is done
2022-09-08 14:34:00 INFO  Hooks:23 - Running Scenario : Logged in User Filters and activates an active coupon
2022-09-08 14:34:00 INFO  DriverFactory:21 - Running tests on: Android
2022-09-08 14:34:16 INFO  AppTestBase:25 - AppTestBase is initialized
2022-09-08 14:34:38 INFO  AppTestBase:37 - The Element Coupons is clicked
2022-09-08 14:34:38 INFO  AppTestBase:25 - AppTestBase is initialized
2022-09-08 14:34:43 INFO  AppTestBase:37 - The Element Filter is clicked
2022-09-08 14:34:43 INFO  AppTestBase:25 - AppTestBase is initialized
2022-09-08 14:34:43 INFO  AppTestBase:37 - The Element  is clicked
2022-09-08 14:34:43 INFO  AppTestBase:25 - AppTestBase is initialized
2022-09-08 14:34:43 INFO  Hooks:30 - Driver session is done
2022-09-08 14:41:56 INFO  Hooks:24 - Running Scenario : Logged in User Filters and activates an active coupon
2022-09-08 14:41:56 INFO  DriverFactory:21 - Running tests on: Android
2022-09-08 14:42:11 INFO  AppTestBase:25 - AppTestBase is initialized
2022-09-08 14:42:13 INFO  AppTestBase:42 - The Element Coupons is clicked
2022-09-08 14:42:13 INFO  AppTestBase:25 - AppTestBase is initialized
2022-09-08 14:42:16 INFO  AppTestBase:42 - The Element Filter is clicked
2022-09-08 14:42:16 INFO  AppTestBase:25 - AppTestBase is initialized
2022-09-08 14:42:16 INFO  AppTestBase:42 - The Element  is clicked
2022-09-08 14:42:16 INFO  AppTestBase:25 - AppTestBase is initialized
2022-09-08 14:42:16 INFO  Hooks:31 - Driver session is done
2022-09-08 14:44:22 INFO  Hooks:24 - Running Scenario : Logged in User Filters and activates an active coupon
2022-09-08 14:44:22 INFO  DriverFactory:21 - Running tests on: Android
2022-09-08 14:44:37 INFO  AppTestBase:25 - AppTestBase is initialized
2022-09-08 14:44:41 INFO  AppTestBase:42 - The Element Coupons is clicked
2022-09-08 14:44:41 INFO  AppTestBase:25 - AppTestBase is initialized
2022-09-08 14:44:44 INFO  AppTestBase:42 - The Element Filter is clicked
2022-09-08 14:44:44 INFO  AppTestBase:25 - AppTestBase is initialized
2022-09-08 14:44:44 INFO  AppTestBase:42 - The Element  is clicked
2022-09-08 14:44:44 INFO  AppTestBase:25 - AppTestBase is initialized
2022-09-08 14:44:44 INFO  Hooks:31 - Scenario completed: Logged in User Filters and activates an active coupon
2022-09-08 14:45:52 INFO  Hooks:24 - Running Scenario : Logged in User Filters and activates an active coupon
2022-09-08 14:45:52 INFO  DriverFactory:20 - Running tests on: Android
2022-09-08 14:46:06 INFO  AppTestBase:25 - AppTestBase is initialized
2022-09-08 14:46:09 INFO  AppTestBase:42 - The Element Coupons is clicked
2022-09-08 14:46:09 INFO  AppTestBase:25 - AppTestBase is initialized
2022-09-08 14:46:12 INFO  AppTestBase:42 - The Element Filter is clicked
2022-09-08 14:46:12 INFO  AppTestBase:25 - AppTestBase is initialized
2022-09-08 14:46:12 INFO  AppTestBase:42 - The Element  is clicked
2022-09-08 14:46:12 INFO  AppTestBase:25 - AppTestBase is initialized
2022-09-08 14:46:12 INFO  Hooks:31 - Scenario completed: Logged in User Filters and activates an active coupon
2022-09-08 14:47:57 INFO  Hooks:24 - Running Scenario : Logged in User Filters and activates an active coupon
2022-09-08 14:47:57 INFO  DriverFactory:21 - Running tests on: Android
2022-09-08 14:48:11 INFO  AppTestBase:25 - AppTestBase is initialized
2022-09-08 14:48:14 INFO  AppTestBase:42 - The Element Coupons is clicked
2022-09-08 14:48:14 INFO  AppTestBase:25 - AppTestBase is initialized
2022-09-08 14:48:17 INFO  AppTestBase:42 - The Element Filter is clicked
2022-09-08 14:48:17 INFO  AppTestBase:25 - AppTestBase is initialized
2022-09-08 14:48:17 INFO  AppTestBase:42 - The Element  is clicked
2022-09-08 14:48:17 INFO  AppTestBase:25 - AppTestBase is initialized
2022-09-08 14:48:17 INFO  Hooks:31 - Scenario completed: Logged in User Filters and activates an active coupon
2022-09-08 14:48:54 INFO  Hooks:24 - Running Scenario : Logged in User Filters and activates an active coupon
2022-09-08 14:48:54 INFO  DriverFactory:21 - Running tests on: Android
2022-09-08 14:49:07 INFO  AppTestBase:25 - AppTestBase is initialized
2022-09-08 14:49:10 INFO  AppTestBase:42 - The Element Coupons is clicked
2022-09-08 14:49:10 INFO  AppTestBase:25 - AppTestBase is initialized
2022-09-08 14:49:12 INFO  AppTestBase:42 - The Element Filter is clicked
2022-09-08 14:49:12 INFO  AppTestBase:25 - AppTestBase is initialized
2022-09-08 14:49:13 INFO  AppTestBase:42 - The Element  is clicked
2022-09-08 14:49:13 INFO  AppTestBase:25 - AppTestBase is initialized
2022-09-08 14:49:13 INFO  Hooks:31 - Scenario completed: Logged in User Filters and activates an active coupon
2022-09-08 14:49:13 INFO  Hooks:24 - Running Scenario : Logged in User Filters and activates an active coupon
2022-09-08 14:49:13 INFO  DriverFactory:21 - Running tests on: Android
2022-09-08 14:49:22 INFO  AppTestBase:25 - AppTestBase is initialized
2022-09-08 14:49:25 INFO  AppTestBase:42 - The Element Coupons is clicked
2022-09-08 14:49:25 INFO  AppTestBase:25 - AppTestBase is initialized
2022-09-08 14:49:28 INFO  AppTestBase:42 - The Element Filter is clicked
2022-09-08 14:49:28 INFO  AppTestBase:25 - AppTestBase is initialized
2022-09-08 14:49:28 INFO  AppTestBase:42 - The Element  is clicked
2022-09-08 14:49:28 INFO  AppTestBase:25 - AppTestBase is initialized
2022-09-08 14:49:28 INFO  Hooks:31 - Scenario completed: Logged in User Filters and activates an active coupon
2022-09-08 14:59:25 INFO  Hooks:24 - Running Scenario : Logged in User Filters and activates an active coupon
2022-09-08 14:59:25 INFO  DriverFactory:21 - Running tests on: Android
2022-09-08 14:59:38 INFO  AppTestBase:25 - AppTestBase is initialized
2022-09-08 14:59:41 INFO  AppTestBase:42 - The Element Coupons is clicked
2022-09-08 14:59:41 INFO  AppTestBase:25 - AppTestBase is initialized
2022-09-08 14:59:44 INFO  AppTestBase:42 - The Element Filter is clicked
2022-09-08 14:59:44 INFO  AppTestBase:25 - AppTestBase is initialized
2022-09-08 14:59:44 INFO  AppTestBase:42 - The Element  is clicked
2022-09-08 14:59:44 INFO  AppTestBase:25 - AppTestBase is initialized
2022-09-08 14:59:44 INFO  Hooks:31 - Scenario completed: Logged in User Filters and activates an active coupon
2022-09-08 14:59:45 INFO  Hooks:24 - Running Scenario : Logged in User Filters and activates an active coupon
2022-09-08 14:59:45 INFO  DriverFactory:21 - Running tests on: Android
2022-09-08 14:59:52 INFO  AppTestBase:25 - AppTestBase is initialized
2022-09-08 14:59:56 INFO  AppTestBase:42 - The Element Coupons is clicked
2022-09-08 14:59:56 INFO  AppTestBase:25 - AppTestBase is initialized
2022-09-08 14:59:58 INFO  AppTestBase:42 - The Element Filter is clicked
2022-09-08 14:59:58 INFO  AppTestBase:25 - AppTestBase is initialized
2022-09-08 14:59:59 INFO  AppTestBase:42 - The Element  is clicked
2022-09-08 14:59:59 INFO  AppTestBase:25 - AppTestBase is initialized
2022-09-08 14:59:59 INFO  Hooks:31 - Scenario completed: Logged in User Filters and activates an active coupon
2022-09-08 15:10:14 INFO  Hooks:24 - Running Scenario : Logged in User Filters and activates an active coupon
2022-09-08 15:10:14 INFO  DriverFactory:21 - Running tests on: Android
2022-09-08 15:10:27 INFO  AppTestBase:25 - AppTestBase is initialized
2022-09-08 15:10:30 INFO  AppTestBase:42 - The Element Coupons is clicked
2022-09-08 15:10:30 INFO  AppTestBase:25 - AppTestBase is initialized
2022-09-08 15:10:33 INFO  AppTestBase:42 - The Element Filter is clicked
2022-09-08 15:10:33 INFO  AppTestBase:25 - AppTestBase is initialized
2022-09-08 15:10:34 INFO  AppTestBase:42 - The Element  is clicked
2022-09-08 15:10:34 INFO  AppTestBase:25 - AppTestBase is initialized
2022-09-08 15:10:34 INFO  Hooks:31 - Scenario completed: Logged in User Filters and activates an active coupon
2022-09-08 15:10:34 INFO  Hooks:24 - Running Scenario : Logged in User Filters and activates an active coupon
2022-09-08 15:10:34 INFO  DriverFactory:21 - Running tests on: Android
2022-09-08 15:10:42 INFO  AppTestBase:25 - AppTestBase is initialized
2022-09-08 15:10:45 INFO  AppTestBase:42 - The Element Coupons is clicked
2022-09-08 15:10:45 INFO  AppTestBase:25 - AppTestBase is initialized
2022-09-08 15:10:47 INFO  AppTestBase:42 - The Element Filter is clicked
2022-09-08 15:10:47 INFO  AppTestBase:25 - AppTestBase is initialized
2022-09-08 15:10:48 INFO  AppTestBase:42 - The Element  is clicked
2022-09-08 15:10:48 INFO  AppTestBase:25 - AppTestBase is initialized
2022-09-08 15:10:48 INFO  Hooks:31 - Scenario completed: Logged in User Filters and activates an active coupon
2022-09-08 15:18:34 INFO  Hooks:24 - Running Scenario : Logged in User Filters and activates an active coupon
2022-09-08 15:18:34 INFO  DriverFactory:21 - Running tests on: Android
2022-09-08 15:19:13 INFO  Hooks:31 - Scenario completed: Logged in User Filters and activates an active coupon
2022-09-08 15:19:13 INFO  Hooks:24 - Running Scenario : Logged in User Filters and activates an active coupon
2022-09-08 15:19:13 INFO  DriverFactory:21 - Running tests on: Android
2022-09-08 15:19:42 INFO  Hooks:31 - Scenario completed: Logged in User Filters and activates an active coupon
2022-09-08 15:26:05 INFO  Hooks:24 - Running Scenario : Logged in User Filters and activates an active coupon
2022-09-08 15:26:05 INFO  DriverFactory:21 - Running tests on: Android
2022-09-08 15:26:40 INFO  Hooks:31 - Scenario completed: Logged in User Filters and activates an active coupon
2022-09-08 15:26:40 INFO  Hooks:24 - Running Scenario : Logged in User Filters and activates an active coupon
2022-09-08 15:26:40 INFO  DriverFactory:21 - Running tests on: Android
2022-09-08 15:27:12 INFO  Hooks:31 - Scenario completed: Logged in User Filters and activates an active coupon
2022-09-08 15:38:11 INFO  Hooks:24 - Running Scenario : Logged in User Filters and activates an active coupon
2022-09-08 15:38:11 INFO  DriverFactory:21 - Running tests on: Android
2022-09-08 15:38:23 INFO  AppTestBase:25 - AppTestBase is initialized
2022-09-08 15:38:25 INFO  Hooks:31 - Scenario completed: Logged in User Filters and activates an active coupon
2022-09-08 15:38:25 INFO  Hooks:24 - Running Scenario : Logged in User Filters and activates an active coupon
2022-09-08 15:38:25 INFO  DriverFactory:21 - Running tests on: Android
2022-09-08 15:38:34 INFO  AppTestBase:25 - AppTestBase is initialized
2022-09-08 15:38:36 INFO  AppTestBase:42 - The Element Coupons is clicked
2022-09-08 15:38:36 INFO  AppTestBase:25 - AppTestBase is initialized
2022-09-08 15:38:39 INFO  AppTestBase:42 - The Element Filter is clicked
2022-09-08 15:38:39 INFO  AppTestBase:25 - AppTestBase is initialized
2022-09-08 15:38:39 INFO  AppTestBase:42 - The Element  is clicked
2022-09-08 15:38:39 INFO  AppTestBase:25 - AppTestBase is initialized
2022-09-08 15:38:39 INFO  Hooks:31 - Scenario completed: Logged in User Filters and activates an active coupon
2022-09-08 16:03:53 INFO  Hooks:23 - Running Scenario : Logged in User Filters and activates an active coupon
2022-09-08 16:03:53 INFO  DriverFactory:21 - Running tests on: Android
2022-09-08 16:04:20 INFO  AppTestBase:25 - AppTestBase is initialized
2022-09-08 16:04:21 INFO  AppTestBase:42 - The Element Coupons is clicked
2022-09-08 16:04:21 INFO  AppTestBase:25 - AppTestBase is initialized
2022-09-08 16:04:24 INFO  AppTestBase:42 - The Element Filter is clicked
2022-09-08 16:04:24 INFO  AppTestBase:25 - AppTestBase is initialized
2022-09-08 16:04:25 INFO  AppTestBase:42 - The Element  is clicked
2022-09-08 16:04:25 INFO  AppTestBase:25 - AppTestBase is initialized
2022-09-08 16:04:25 INFO  Hooks:30 - Scenario completed: Logged in User Filters and activates an active coupon
2022-09-08 16:04:26 INFO  Hooks:23 - Running Scenario : Logged in User Filters and activates an active coupon
2022-09-08 16:04:26 INFO  DriverFactory:21 - Running tests on: Android
2022-09-08 16:04:35 INFO  AppTestBase:25 - AppTestBase is initialized
2022-09-08 16:04:37 INFO  AppTestBase:42 - The Element Coupons is clicked
2022-09-08 16:04:37 INFO  AppTestBase:25 - AppTestBase is initialized
2022-09-08 16:04:40 INFO  AppTestBase:42 - The Element Filter is clicked
2022-09-08 16:04:40 INFO  AppTestBase:25 - AppTestBase is initialized
2022-09-08 16:04:40 INFO  AppTestBase:42 - The Element  is clicked
2022-09-08 16:04:40 INFO  AppTestBase:25 - AppTestBase is initialized
2022-09-08 16:04:40 INFO  Hooks:30 - Scenario completed: Logged in User Filters and activates an active coupon
2022-09-08 19:28:21 INFO  Hooks:23 - Running Scenario : Logged in User Filters and activates an active coupon
2022-09-08 19:28:21 INFO  DriverFactory:21 - Running tests on: Android
2022-09-08 19:28:32 INFO  Hooks:30 - Scenario completed: Logged in User Filters and activates an active coupon
2022-09-08 19:28:32 INFO  Hooks:23 - Running Scenario : Logged in User Filters and activates an active coupon
2022-09-08 19:28:32 INFO  DriverFactory:21 - Running tests on: Android
2022-09-08 19:28:38 INFO  Hooks:30 - Scenario completed: Logged in User Filters and activates an active coupon
2022-09-08 21:34:36 INFO  Hooks:23 - Running Scenario : Logged in User Filters and activates an active coupon
2022-09-08 21:34:36 INFO  DriverFactory:21 - Running tests on: Android
2022-09-08 21:34:49 INFO  AppTestBase:25 - AppTestBase is initialized
2022-09-08 21:34:52 INFO  AppTestBase:42 - The Element Coupons is clicked
2022-09-08 21:34:52 INFO  AppTestBase:25 - AppTestBase is initialized
2022-09-08 21:34:54 INFO  AppTestBase:42 - The Element Filter is clicked
2022-09-08 21:34:54 INFO  AppTestBase:25 - AppTestBase is initialized
2022-09-08 21:34:55 INFO  AppTestBase:42 - The Element  is clicked
2022-09-08 21:34:55 INFO  AppTestBase:25 - AppTestBase is initialized
2022-09-08 21:34:57 INFO  Hooks:30 - Scenario completed: Logged in User Filters and activates an active coupon
2022-09-08 21:34:58 INFO  Hooks:23 - Running Scenario : Logged in User Filters and activates an active coupon
2022-09-08 21:34:58 INFO  DriverFactory:21 - Running tests on: Android
2022-09-08 21:35:05 INFO  AppTestBase:25 - AppTestBase is initialized
2022-09-08 21:35:07 INFO  AppTestBase:42 - The Element Coupons is clicked
2022-09-08 21:35:07 INFO  AppTestBase:25 - AppTestBase is initialized
2022-09-08 21:35:10 INFO  AppTestBase:42 - The Element Filter is clicked
2022-09-08 21:35:10 INFO  AppTestBase:25 - AppTestBase is initialized
2022-09-08 21:35:10 INFO  AppTestBase:42 - The Element  is clicked
2022-09-08 21:35:10 INFO  AppTestBase:25 - AppTestBase is initialized
2022-09-08 21:35:13 INFO  Hooks:30 - Scenario completed: Logged in User Filters and activates an active coupon
2022-09-09 10:07:54 INFO  Hooks:23 - Running Scenario : Logged in User Filters and activates an active coupon
2022-09-09 10:07:54 INFO  DriverFactory:21 - Running tests on: Android
2022-09-09 10:08:22 INFO  AppTestBase:25 - AppTestBase is initialized
2022-09-09 10:08:25 INFO  AppTestBase:42 - The Element Coupons is clicked
2022-09-09 10:08:25 INFO  AppTestBase:25 - AppTestBase is initialized
2022-09-09 10:08:28 INFO  AppTestBase:42 - The Element Filter is clicked
2022-09-09 10:08:28 INFO  AppTestBase:25 - AppTestBase is initialized
2022-09-09 10:08:28 INFO  AppTestBase:42 - The Element  is clicked
2022-09-09 10:08:28 INFO  AppTestBase:25 - AppTestBase is initialized
2022-09-09 10:08:30 INFO  Hooks:30 - Scenario completed: Logged in User Filters and activates an active coupon
2022-09-09 10:08:31 INFO  Hooks:23 - Running Scenario : Logged in User Filters and activates an active coupon
2022-09-09 10:08:31 INFO  DriverFactory:21 - Running tests on: Android
2022-09-09 10:08:40 INFO  AppTestBase:25 - AppTestBase is initialized
2022-09-09 10:08:42 INFO  AppTestBase:42 - The Element Coupons is clicked
2022-09-09 10:08:42 INFO  AppTestBase:25 - AppTestBase is initialized
2022-09-09 10:08:45 INFO  AppTestBase:42 - The Element Filter is clicked
2022-09-09 10:08:45 INFO  AppTestBase:25 - AppTestBase is initialized
2022-09-09 10:08:45 INFO  AppTestBase:42 - The Element  is clicked
2022-09-09 10:08:45 INFO  AppTestBase:25 - AppTestBase is initialized
2022-09-09 10:08:47 INFO  Hooks:30 - Scenario completed: Logged in User Filters and activates an active coupon
2022-09-09 10:27:46 INFO  Hooks:23 - Running Scenario : Logged in User Filters and activates an active coupon
2022-09-09 10:27:46 INFO  DriverFactory:21 - Running tests on: Android
2022-09-09 10:27:59 INFO  AppTestBase:25 - AppTestBase is initialized
2022-09-09 10:28:02 INFO  AppTestBase:42 - The Element Coupons is clicked
2022-09-09 10:28:02 INFO  AppTestBase:25 - AppTestBase is initialized
2022-09-09 10:28:04 INFO  AppTestBase:42 - The Element Filter is clicked
2022-09-09 10:28:04 INFO  AppTestBase:25 - AppTestBase is initialized
2022-09-09 10:28:05 INFO  AppTestBase:42 - The Element  is clicked
2022-09-09 10:28:05 INFO  AppTestBase:25 - AppTestBase is initialized
2022-09-09 10:28:07 INFO  Hooks:30 - Scenario completed: Logged in User Filters and activates an active coupon
2022-09-09 10:28:07 INFO  Hooks:23 - Running Scenario : Logged in User Filters and activates an active coupon
2022-09-09 10:28:07 INFO  DriverFactory:21 - Running tests on: Android
2022-09-09 10:28:15 INFO  AppTestBase:25 - AppTestBase is initialized
2022-09-09 10:28:17 INFO  AppTestBase:42 - The Element Coupons is clicked
2022-09-09 10:28:17 INFO  AppTestBase:25 - AppTestBase is initialized
2022-09-09 10:28:19 INFO  AppTestBase:42 - The Element Filter is clicked
2022-09-09 10:28:19 INFO  AppTestBase:25 - AppTestBase is initialized
2022-09-09 10:28:20 INFO  AppTestBase:42 - The Element  is clicked
2022-09-09 10:28:20 INFO  AppTestBase:25 - AppTestBase is initialized
2022-09-09 10:28:21 INFO  Hooks:30 - Scenario completed: Logged in User Filters and activates an active coupon
2022-09-09 10:36:58 INFO  Hooks:23 - Running Scenario : Logged in User Filters and activates an active coupon
2022-09-09 10:36:58 INFO  DriverFactory:21 - Running tests on: Android
2022-09-09 10:37:11 INFO  AppTestBase:26 - AppTestBase is initialized
2022-09-09 10:37:11 INFO  Hooks:30 - Scenario completed: Logged in User Filters and activates an active coupon
2022-09-09 10:37:11 INFO  Hooks:23 - Running Scenario : Logged in User Filters and activates an active coupon
2022-09-09 10:37:11 INFO  DriverFactory:21 - Running tests on: Android
2022-09-09 10:37:19 INFO  AppTestBase:26 - AppTestBase is initialized
2022-09-09 10:37:19 INFO  Hooks:30 - Scenario completed: Logged in User Filters and activates an active coupon
2022-09-09 10:38:20 INFO  Hooks:23 - Running Scenario : Logged in User Filters and activates an active coupon
2022-09-09 10:38:20 INFO  DriverFactory:21 - Running tests on: Android
2022-09-09 10:38:31 INFO  AppTestBase:26 - AppTestBase is initialized
2022-09-09 10:38:33 INFO  AppTestBase:44 - The Element Coupons is clicked
2022-09-09 10:38:33 INFO  AppTestBase:26 - AppTestBase is initialized
2022-09-09 10:38:36 INFO  AppTestBase:44 - The Element Filter is clicked
2022-09-09 10:38:36 INFO  AppTestBase:26 - AppTestBase is initialized
2022-09-09 10:38:36 INFO  AppTestBase:44 - The Element  is clicked
2022-09-09 10:38:36 INFO  AppTestBase:26 - AppTestBase is initialized
2022-09-09 10:39:09 INFO  Hooks:30 - Scenario completed: Logged in User Filters and activates an active coupon
2022-09-09 10:39:09 INFO  Hooks:23 - Running Scenario : Logged in User Filters and activates an active coupon
2022-09-09 10:39:09 INFO  DriverFactory:21 - Running tests on: Android
2022-09-09 10:39:17 INFO  AppTestBase:26 - AppTestBase is initialized
2022-09-09 10:39:19 INFO  AppTestBase:44 - The Element Coupons is clicked
2022-09-09 10:39:19 INFO  AppTestBase:26 - AppTestBase is initialized
2022-09-09 10:39:22 INFO  AppTestBase:44 - The Element Filter is clicked
2022-09-09 10:39:22 INFO  AppTestBase:26 - AppTestBase is initialized
2022-09-09 10:39:22 INFO  AppTestBase:44 - The Element  is clicked
2022-09-09 10:39:22 INFO  AppTestBase:26 - AppTestBase is initialized
2022-09-09 10:39:55 INFO  Hooks:30 - Scenario completed: Logged in User Filters and activates an active coupon
2022-09-09 10:40:32 INFO  Hooks:23 - Running Scenario : Logged in User Filters and activates an active coupon
2022-09-09 10:40:32 INFO  DriverFactory:21 - Running tests on: Android
2022-09-09 10:40:42 INFO  AppTestBase:26 - AppTestBase is initialized
2022-09-09 10:40:45 INFO  AppTestBase:44 - The Element Coupons is clicked
2022-09-09 10:40:45 INFO  AppTestBase:26 - AppTestBase is initialized
2022-09-09 10:40:47 INFO  AppTestBase:44 - The Element Filter is clicked
2022-09-09 10:40:47 INFO  AppTestBase:26 - AppTestBase is initialized
2022-09-09 10:40:48 INFO  AppTestBase:44 - The Element  is clicked
2022-09-09 10:40:48 INFO  AppTestBase:26 - AppTestBase is initialized
2022-09-09 10:40:50 INFO  Hooks:30 - Scenario completed: Logged in User Filters and activates an active coupon
2022-09-09 10:40:51 INFO  Hooks:23 - Running Scenario : Logged in User Filters and activates an active coupon
2022-09-09 10:40:51 INFO  DriverFactory:21 - Running tests on: Android
2022-09-09 10:40:58 INFO  AppTestBase:26 - AppTestBase is initialized
2022-09-09 10:41:01 INFO  AppTestBase:44 - The Element Coupons is clicked
2022-09-09 10:41:01 INFO  AppTestBase:26 - AppTestBase is initialized
2022-09-09 10:41:04 INFO  AppTestBase:44 - The Element Filter is clicked
2022-09-09 10:41:04 INFO  AppTestBase:26 - AppTestBase is initialized
2022-09-09 10:41:05 INFO  AppTestBase:44 - The Element  is clicked
2022-09-09 10:41:05 INFO  AppTestBase:26 - AppTestBase is initialized
2022-09-09 10:41:08 INFO  Hooks:30 - Scenario completed: Logged in User Filters and activates an active coupon
2022-09-09 14:05:46 INFO  Hooks:23 - Running Scenario : Logged in User Filters and activates an active coupon
2022-09-09 14:05:46 INFO  DriverFactory:21 - Running tests on: Android
2022-09-09 15:17:19 INFO  Hooks:26 - Running Scenario : Logged in User Filters and activates an active coupon
2022-09-09 15:17:19 INFO  DriverFactory:21 - Running tests on: Android
2022-09-09 15:17:34 INFO  AppScreenBase:29 - AppTestBase is initialized
2022-09-09 15:17:37 INFO  AppScreenBase:47 - The Element Coupons is clicked
2022-09-09 15:17:37 INFO  AppScreenBase:29 - AppTestBase is initialized
2022-09-09 15:17:39 INFO  AppScreenBase:47 - The Element Filter is clicked
2022-09-09 15:17:39 INFO  AppScreenBase:29 - AppTestBase is initialized
2022-09-09 15:17:40 INFO  Hooks:33 - Scenario completed: Logged in User Filters and activates an active coupon
2022-09-09 15:19:56 INFO  Hooks:26 - Running Scenario : Logged in User Filters and activates an active coupon
2022-09-09 15:19:56 INFO  DriverFactory:21 - Running tests on: Android
2022-09-09 15:20:09 INFO  AppScreenBase:29 - AppTestBase is initialized
2022-09-09 15:20:12 INFO  AppScreenBase:47 - The Element Coupons is clicked
2022-09-09 15:20:12 INFO  AppScreenBase:29 - AppTestBase is initialized
2022-09-09 15:20:14 INFO  AppScreenBase:47 - The Element Filter is clicked
2022-09-09 15:20:14 INFO  AppScreenBase:29 - AppTestBase is initialized
2022-09-09 15:20:14 INFO  Hooks:33 - Scenario completed: Logged in User Filters and activates an active coupon
2022-09-09 15:29:22 INFO  Hooks:26 - Running Scenario : Logged in User Filters and activates an active coupon
2022-09-09 15:29:22 INFO  DriverFactory:21 - Running tests on: Android
2022-09-09 15:29:36 INFO  AppScreenBase:29 - AppTestBase is initialized
2022-09-09 15:29:39 INFO  AppScreenBase:47 - The Element Coupons is clicked
2022-09-09 15:29:39 INFO  AppScreenBase:29 - AppTestBase is initialized
2022-09-09 15:29:41 INFO  AppScreenBase:47 - The Element Filter is clicked
2022-09-09 15:29:41 INFO  AppScreenBase:29 - AppTestBase is initialized
2022-09-09 15:29:41 INFO  Hooks:33 - Scenario completed: Logged in User Filters and activates an active coupon
2022-09-09 15:30:37 INFO  Hooks:26 - Running Scenario : Logged in User Filters and activates an active coupon
2022-09-09 15:30:37 INFO  DriverFactory:21 - Running tests on: Android
2022-09-09 15:30:50 INFO  AppScreenBase:29 - AppTestBase is initialized
2022-09-09 15:30:52 INFO  AppScreenBase:47 - The Element Coupons is clicked
2022-09-09 15:30:52 INFO  AppScreenBase:29 - AppTestBase is initialized
2022-09-09 15:30:54 INFO  AppScreenBase:47 - The Element Filter is clicked
2022-09-09 15:30:54 INFO  AppScreenBase:29 - AppTestBase is initialized
2022-09-09 15:30:54 INFO  Hooks:33 - Scenario completed: Logged in User Filters and activates an active coupon
2022-09-09 15:32:28 INFO  Hooks:26 - Running Scenario : Logged in User Filters and activates an active coupon
2022-09-09 15:32:28 INFO  DriverFactory:21 - Running tests on: Android
2022-09-09 15:32:44 INFO  AppScreenBase:46 - The Element Coupons is clicked
2022-09-09 15:32:46 INFO  AppScreenBase:46 - The Element Filter is clicked
2022-09-09 15:32:47 INFO  AppScreenBase:46 - The Element  is clicked
2022-09-09 15:33:19 INFO  Hooks:33 - Scenario completed: Logged in User Filters and activates an active coupon
2022-09-09 15:34:22 INFO  Hooks:26 - Running Scenario : Logged in User Filters and activates an active coupon
2022-09-09 15:34:22 INFO  DriverFactory:21 - Running tests on: Android
2022-09-09 15:34:37 INFO  AppScreenBase:46 - The Element Coupons is clicked
2022-09-09 15:34:39 INFO  AppScreenBase:46 - The Element Filter is clicked
2022-09-09 15:34:40 INFO  AppScreenBase:46 - The Element  is clicked
2022-09-09 15:34:42 INFO  Hooks:33 - Scenario completed: Logged in User Filters and activates an active coupon
2022-09-09 15:38:41 INFO  Hooks:26 - Running Scenario : Logged in User Filters and activates an active coupon
2022-09-09 15:38:42 INFO  DriverFactory:21 - Running tests on: Android
2022-09-09 15:38:57 INFO  AppScreenBase:46 - The Element Coupons is clicked
2022-09-09 15:38:59 INFO  AppScreenBase:46 - The Element Filter is clicked
2022-09-09 15:38:59 INFO  AppScreenBase:46 - The Element  is clicked
2022-09-09 15:38:59 INFO  AppScreenBase:27 - 3 th partner is selected
2022-09-09 15:39:31 INFO  Hooks:33 - Scenario completed: Logged in User Filters and activates an active coupon
2022-09-09 15:40:46 INFO  Hooks:26 - Running Scenario : Logged in User Filters and activates an active coupon
2022-09-09 15:40:46 INFO  DriverFactory:21 - Running tests on: Android
2022-09-09 15:41:02 INFO  AppScreenBase:46 - The Element Coupons is clicked
2022-09-09 15:41:05 INFO  AppScreenBase:46 - The Element Filter is clicked
2022-09-09 15:41:06 INFO  AppScreenBase:46 - The Element  is clicked
2022-09-09 15:41:06 INFO  AppScreenBase:27 - 4 th partner is selected
2022-09-09 15:41:08 INFO  Hooks:33 - Scenario completed: Logged in User Filters and activates an active coupon
2022-09-09 15:43:00 INFO  Hooks:26 - Running Scenario : Logged in User Filters and activates an active coupon
2022-09-09 15:43:00 INFO  DriverFactory:21 - Running tests on: Android
2022-09-09 15:43:00 INFO  DriverFactory:29 - Creating driver instance
2022-09-09 15:43:15 INFO  AppScreenBase:46 - The Element Coupons is clicked
2022-09-09 15:43:18 INFO  AppScreenBase:46 - The Element Filter is clicked
2022-09-09 15:43:19 INFO  AppScreenBase:46 - The Element  is clicked
2022-09-09 15:43:19 INFO  AppScreenBase:27 - 4 th partner is selected
2022-09-09 15:43:51 INFO  Hooks:33 - Scenario completed: Logged in User Filters and activates an active coupon
2022-09-09 15:46:55 INFO  Hooks:26 - Running Scenario : Logged in User Filters and activates an active coupon
2022-09-09 15:46:55 INFO  DriverFactory:21 - Running tests on: Android
2022-09-09 15:46:55 INFO  DriverFactory:29 - Creating driver instance
2022-09-09 15:47:11 INFO  AppScreenBase:46 - The Element Coupons is clicked
2022-09-09 15:47:13 INFO  AppScreenBase:46 - The Element Filter is clicked
2022-09-09 15:47:14 INFO  AppScreenBase:46 - The Element  is clicked
2022-09-09 15:47:14 INFO  AppScreenBase:27 - 4 th partner is selected
2022-09-09 15:47:46 INFO  Hooks:33 - Scenario completed: Logged in User Filters and activates an active coupon
2022-09-09 15:49:02 INFO  Hooks:26 - Running Scenario : Logged in User Filters and activates an active coupon
2022-09-09 15:49:02 INFO  DriverFactory:21 - Running tests on: Android
2022-09-09 15:49:02 INFO  DriverFactory:29 - Creating driver instance
2022-09-09 15:49:18 INFO  AppScreenBase:46 - The Element Coupons is clicked
2022-09-09 15:49:22 INFO  AppScreenBase:46 - The Element Filter is clicked
2022-09-09 15:49:23 INFO  AppScreenBase:46 - The Element  is clicked
2022-09-09 15:49:23 INFO  AppScreenBase:27 - 4 th partner is selected
2022-09-09 15:49:55 INFO  Hooks:33 - Scenario completed: Logged in User Filters and activates an active coupon
2022-09-09 16:48:08 INFO  Hooks:26 - Running Scenario : Logged in User Filters and activates an active coupon
2022-09-09 16:48:08 INFO  DriverFactory:21 - Running tests on: Android
2022-09-09 16:48:08 INFO  DriverFactory:29 - Creating driver instance
2022-09-09 16:48:26 INFO  AppScreenBase:46 - The Element Coupons is clicked
2022-09-09 16:48:28 INFO  AppScreenBase:46 - The Element Filter is clicked
2022-09-09 16:48:28 INFO  AppScreenBase:46 - The Element  is clicked
2022-09-09 16:48:28 INFO  AppScreenBase:27 - 4 th partner is selected
2022-09-09 16:49:00 INFO  Hooks:33 - Scenario completed: Logged in User Filters and activates an active coupon
2022-09-09 17:01:37 INFO  Hooks:26 - Running Scenario : Logged in User Filters and activates an active coupon
2022-09-09 17:01:37 INFO  DriverFactory:21 - Running tests on: Android
2022-09-09 17:01:37 INFO  DriverFactory:29 - Creating driver instance
2022-09-09 17:02:28 INFO  Hooks:33 - Scenario completed: Logged in User Filters and activates an active coupon
2022-09-09 17:04:14 INFO  Hooks:26 - Running Scenario : Logged in User Filters and activates an active coupon
2022-09-09 17:04:14 INFO  DriverFactory:21 - Running tests on: Android
2022-09-09 17:04:14 INFO  DriverFactory:29 - Creating driver instance
2022-09-09 17:04:35 INFO  AppScreenBase:46 - The Element Coupons is clicked
2022-09-09 17:04:38 INFO  AppScreenBase:46 - The Element Filter is clicked
2022-09-09 17:04:39 INFO  AppScreenBase:46 - The Element  is clicked
2022-09-09 17:04:39 INFO  AppScreenBase:27 - 4 th partner is selected
2022-09-09 17:05:11 INFO  Hooks:33 - Scenario completed: Logged in User Filters and activates an active coupon
2022-09-09 17:08:15 INFO  Hooks:26 - Running Scenario : Logged in User Filters and activates an active coupon
2022-09-09 17:08:15 INFO  DriverFactory:21 - Running tests on: Android
2022-09-09 17:08:15 INFO  DriverFactory:29 - Creating driver instance
2022-09-09 17:08:34 INFO  AppScreenBase:46 - The Element Coupons is clicked
2022-09-09 17:08:37 INFO  AppScreenBase:46 - The Element Filter is clicked
2022-09-09 17:08:38 INFO  AppScreenBase:46 - The Element  is clicked
2022-09-09 17:08:38 INFO  AppScreenBase:27 - 4 th partner is selected
2022-09-09 17:09:10 INFO  Hooks:33 - Scenario completed: Logged in User Filters and activates an active coupon
2022-09-09 17:11:20 INFO  Hooks:26 - Running Scenario : Logged in User Filters and activates an active coupon
2022-09-09 17:11:20 INFO  DriverFactory:21 - Running tests on: Android
2022-09-09 17:11:20 INFO  DriverFactory:29 - Creating driver instance
2022-09-09 17:11:39 INFO  AppScreenBase:46 - The Element Coupons is clicked
2022-09-09 17:11:41 INFO  AppScreenBase:46 - The Element Filter is clicked
2022-09-09 17:11:42 INFO  AppScreenBase:46 - The Element  is clicked
2022-09-09 17:11:42 INFO  AppScreenBase:27 - 4 th partner is selected
2022-09-09 17:14:36 INFO  Hooks:26 - Running Scenario : Logged in User Filters and activates an active coupon
2022-09-09 17:14:36 INFO  DriverFactory:21 - Running tests on: Android
2022-09-09 17:14:36 INFO  DriverFactory:29 - Creating driver instance
2022-09-09 17:14:53 INFO  AppScreenBase:46 - The Element Coupons is clicked
2022-09-09 17:14:56 INFO  AppScreenBase:46 - The Element Filter is clicked
2022-09-09 17:14:57 INFO  AppScreenBase:46 - The Element  is clicked
2022-09-09 17:14:57 INFO  AppScreenBase:27 - 4 th partner is selected
2022-09-09 17:14:59 INFO  AppScreenBase:46 - The Element Jetzt aktivieren is clicked
2022-09-09 17:14:59 INFO  AppScreenBase:38 - 1 th coupon is activated
2022-09-09 17:15:01 INFO  Hooks:33 - Scenario completed: Logged in User Filters and activates an active coupon
